Terminals unused in grammar

    IF
    ELSE
    WHILE
    RETURN
    COMMA
    OPEN_BRACE
    CLOSE_BRACE


Grammar

    0 $accept: Program $end

    1 Program: StmtList

    2 StmtList: ε
    3         | Stmt StmtList

    4 Stmt: Declaration
    5     | Assignment
    6     | Print

    7 Declaration: Type ID SEMICOLON
    8            | error ASSIGN

    9 Type: INT
   10     | FLOAT

   11 Assignment: ID ASSIGN Expr SEMICOLON

   12 Print: PRINT OPEN_PAREN Expr CLOSE_PAREN SEMICOLON

   13 Expr: Expr PLUS Term
   14     | Expr MINUS Term
   15     | Term

   16 Term: Term MULT Factor
   17     | Term DIV Factor
   18     | Factor

   19 Factor: OPEN_PAREN Expr CLOSE_PAREN
   20       | ID
   21       | NUMBER


Terminals, with rules where they appear

    $end (0) 0
    error (256) 8
    ID <string> (258) 7 11 20
    INT <string> (259) 9
    FLOAT <string> (260) 10
    PRINT <string> (261) 12
    IF <string> (262)
    ELSE <string> (263)
    WHILE <string> (264)
    RETURN <string> (265)
    SEMICOLON <character> (266) 7 11 12
    COMMA <character> (267)
    OPEN_PAREN <character> (268) 12 19
    OPEN_BRACE <character> (269)
    CLOSE_BRACE <character> (270)
    CLOSE_PAREN <character> (271) 12 19
    ASSIGN <operator> (272) 8 11
    PLUS <operator> (273) 13
    MINUS <operator> (274) 14
    MULT <operator> (275) 16
    DIV <operator> (276) 17
    NUMBER <number> (277) 21


Nonterminals, with rules where they appear

    $accept (23)
        on left: 0
    Program <string> (24)
        on left: 1
        on right: 0
    StmtList <string> (25)
        on left: 2 3
        on right: 1 3
    Stmt <string> (26)
        on left: 4 5 6
        on right: 3
    Declaration (27)
        on left: 7 8
        on right: 4
    Type <string> (28)
        on left: 9 10
        on right: 7
    Assignment (29)
        on left: 11
        on right: 5
    Print (30)
        on left: 12
        on right: 6
    Expr <string> (31)
        on left: 13 14 15
        on right: 11 12 13 14 19
    Term (32)
        on left: 16 17 18
        on right: 13 14 15 16 17
    Factor (33)
        on left: 19 20 21
        on right: 16 17 18


State 0

    0 $accept: • Program $end

    error  shift, and go to state 1
    ID     shift, and go to state 2
    INT    shift, and go to state 3
    FLOAT  shift, and go to state 4
    PRINT  shift, and go to state 5

    $end  reduce using rule 2 (StmtList)

    Program      go to state 6
    StmtList     go to state 7
    Stmt         go to state 8
    Declaration  go to state 9
    Type         go to state 10
    Assignment   go to state 11
    Print        go to state 12


State 1

    8 Declaration: error • ASSIGN

    ASSIGN  shift, and go to state 13


State 2

   11 Assignment: ID • ASSIGN Expr SEMICOLON

    ASSIGN  shift, and go to state 14


State 3

    9 Type: INT •

    $default  reduce using rule 9 (Type)


State 4

   10 Type: FLOAT •

    $default  reduce using rule 10 (Type)


State 5

   12 Print: PRINT • OPEN_PAREN Expr CLOSE_PAREN SEMICOLON

    OPEN_PAREN  shift, and go to state 15


State 6

    0 $accept: Program • $end

    $end  shift, and go to state 16


State 7

    1 Program: StmtList •

    $default  reduce using rule 1 (Program)


State 8

    3 StmtList: Stmt • StmtList

    error  shift, and go to state 1
    ID     shift, and go to state 2
    INT    shift, and go to state 3
    FLOAT  shift, and go to state 4
    PRINT  shift, and go to state 5

    $end  reduce using rule 2 (StmtList)

    StmtList     go to state 17
    Stmt         go to state 8
    Declaration  go to state 9
    Type         go to state 10
    Assignment   go to state 11
    Print        go to state 12


State 9

    4 Stmt: Declaration •

    $default  reduce using rule 4 (Stmt)


State 10

    7 Declaration: Type • ID SEMICOLON

    ID  shift, and go to state 18


State 11

    5 Stmt: Assignment •

    $default  reduce using rule 5 (Stmt)


State 12

    6 Stmt: Print •

    $default  reduce using rule 6 (Stmt)


State 13

    8 Declaration: error ASSIGN •

    $default  reduce using rule 8 (Declaration)


State 14

   11 Assignment: ID ASSIGN • Expr SEMICOLON

    ID          shift, and go to state 19
    OPEN_PAREN  shift, and go to state 20
    NUMBER      shift, and go to state 21

    Expr    go to state 22
    Term    go to state 23
    Factor  go to state 24


State 15

   12 Print: PRINT OPEN_PAREN • Expr CLOSE_PAREN SEMICOLON

    ID          shift, and go to state 19
    OPEN_PAREN  shift, and go to state 20
    NUMBER      shift, and go to state 21

    Expr    go to state 25
    Term    go to state 23
    Factor  go to state 24


State 16

    0 $accept: Program $end •

    $default  accept


State 17

    3 StmtList: Stmt StmtList •

    $default  reduce using rule 3 (StmtList)


State 18

    7 Declaration: Type ID • SEMICOLON

    SEMICOLON  shift, and go to state 26


State 19

   20 Factor: ID •

    $default  reduce using rule 20 (Factor)


State 20

   19 Factor: OPEN_PAREN • Expr CLOSE_PAREN

    ID          shift, and go to state 19
    OPEN_PAREN  shift, and go to state 20
    NUMBER      shift, and go to state 21

    Expr    go to state 27
    Term    go to state 23
    Factor  go to state 24


State 21

   21 Factor: NUMBER •

    $default  reduce using rule 21 (Factor)


State 22

   11 Assignment: ID ASSIGN Expr • SEMICOLON
   13 Expr: Expr • PLUS Term
   14     | Expr • MINUS Term

    SEMICOLON  shift, and go to state 28
    PLUS       shift, and go to state 29
    MINUS      shift, and go to state 30


State 23

   15 Expr: Term •
   16 Term: Term • MULT Factor
   17     | Term • DIV Factor

    MULT  shift, and go to state 31
    DIV   shift, and go to state 32

    $default  reduce using rule 15 (Expr)


State 24

   18 Term: Factor •

    $default  reduce using rule 18 (Term)


State 25

   12 Print: PRINT OPEN_PAREN Expr • CLOSE_PAREN SEMICOLON
   13 Expr: Expr • PLUS Term
   14     | Expr • MINUS Term

    CLOSE_PAREN  shift, and go to state 33
    PLUS         shift, and go to state 29
    MINUS        shift, and go to state 30


State 26

    7 Declaration: Type ID SEMICOLON •

    $default  reduce using rule 7 (Declaration)


State 27

   13 Expr: Expr • PLUS Term
   14     | Expr • MINUS Term
   19 Factor: OPEN_PAREN Expr • CLOSE_PAREN

    CLOSE_PAREN  shift, and go to state 34
    PLUS         shift, and go to state 29
    MINUS        shift, and go to state 30


State 28

   11 Assignment: ID ASSIGN Expr SEMICOLON •

    $default  reduce using rule 11 (Assignment)


State 29

   13 Expr: Expr PLUS • Term

    ID          shift, and go to state 19
    OPEN_PAREN  shift, and go to state 20
    NUMBER      shift, and go to state 21

    Term    go to state 35
    Factor  go to state 24


State 30

   14 Expr: Expr MINUS • Term

    ID          shift, and go to state 19
    OPEN_PAREN  shift, and go to state 20
    NUMBER      shift, and go to state 21

    Term    go to state 36
    Factor  go to state 24


State 31

   16 Term: Term MULT • Factor

    ID          shift, and go to state 19
    OPEN_PAREN  shift, and go to state 20
    NUMBER      shift, and go to state 21

    Factor  go to state 37


State 32

   17 Term: Term DIV • Factor

    ID          shift, and go to state 19
    OPEN_PAREN  shift, and go to state 20
    NUMBER      shift, and go to state 21

    Factor  go to state 38


State 33

   12 Print: PRINT OPEN_PAREN Expr CLOSE_PAREN • SEMICOLON

    SEMICOLON  shift, and go to state 39


State 34

   19 Factor: OPEN_PAREN Expr CLOSE_PAREN •

    $default  reduce using rule 19 (Factor)


State 35

   13 Expr: Expr PLUS Term •
   16 Term: Term • MULT Factor
   17     | Term • DIV Factor

    MULT  shift, and go to state 31
    DIV   shift, and go to state 32

    $default  reduce using rule 13 (Expr)


State 36

   14 Expr: Expr MINUS Term •
   16 Term: Term • MULT Factor
   17     | Term • DIV Factor

    MULT  shift, and go to state 31
    DIV   shift, and go to state 32

    $default  reduce using rule 14 (Expr)


State 37

   16 Term: Term MULT Factor •

    $default  reduce using rule 16 (Term)


State 38

   17 Term: Term DIV Factor •

    $default  reduce using rule 17 (Term)


State 39

   12 Print: PRINT OPEN_PAREN Expr CLOSE_PAREN SEMICOLON •

    $default  reduce using rule 12 (Print)
